********************************************************************************
DUPLICATOR-LITE PACKAGE-LOG: 2017-03-13 02:46:32
NOTICE: Do NOT post to public sites or forums 
********************************************************************************
VERSION:	1.1.34
WORDPRESS:	4.7.3
PHP INFO:	5.5.12 | SAPI: apache2handler
SERVER:		Apache/2.4.9 (Win64) PHP/5.5.12 
PHP TIME LIMIT: (0) no time limit imposed 
PHP MAX MEMORY: 2048M (128M default) 
MEMORY STACK: 30.5MB 

********************************************************************************
DATABASE:
********************************************************************************
BUILD MODE:   PHP(query limit - 100)
MYSQLTIMEOUT: 5000
MYSQLDUMP:    Not Supported 
TABLES: total:13 | filtered:0 | create:13 
FILTERED: [] 
SQL CREATED: 20170313_localwp_58c607fe3e7a59776170313024622_database.sql 
SQL FILE SIZE: 82.12KB (84089) 
SQL FILE TIME: 2017-03-13 02:46:32 
SQL RUNTIME: 0.12 sec. 

******************************************************************************** 
ARCHIVE (ZIP): 
******************************************************************************** 
ARCHIVE DIR:  D:/Software/wamp/www/wp 
ARCHIVE FILE: 20170313_localwp_58c607fe3e7a59776170313024622_archive.zip 
FILTERS: *OFF* 
DIRS: not set 
EXTS:  not set 
---------------------------------------- 
COMPRESSING 
SIZE:	61.76MB 
STATS:	Dirs 225 | Files 1,832 
SQL ADDED: 20170313_localwp_58c607fe3e7a59776170313024622_database.sql 
ZipArchive Object
(
    [status] => 0
    [statusSys] => 0
    [numFiles] => 2057
    [filename] => D:\Software\wamp\www\wp\wp-snapshots\tmp\20170313_localwp_58c607fe3e7a59776170313024622_archive.zip
    [comment] => 
)
 
COMPRESSION RESULT: '1' 
COMPRESSED SIZE: 36.94MB 
ARCHIVE RUNTIME: 8.31 sec. 
MEMORY STACK: 31MB 

******************************************************************************** 
MAKE INSTALLER: 
******************************************************************************** 
Build Start 
Build Finished 
Preping for use 
Template parsed with new data 
Complete [D:/Software/wamp/www/wp/wp-snapshots/tmp/20170313_localwp_58c607fe3e7a59776170313024622_installer.php] 
Added to archive 

******************************************************************************** 
INTEGRITY CHECKS: 
******************************************************************************** 
SQL File: 82.12KB 
Installer File: 394.74KB 
Archive File: 36.94MB  

********************************************************************************
RECORD ID:[3]
TOTAL PROCESS RUNTIME: 17.43 sec.
PEAK PHP MEMORY USED: 34MB
DONE PROCESSING => 20170313_localwp 2017-03-13 02:46:49
 
